[35m[Appium][39m Welcome to Appium v1.22.3
[35m[Appium][39m Non-default server args:
[35m[Appium][39m   port: 63478
[35m[Appium][39m   loglevel: info
[35m[Appium][39m   tmpDir: C:\Users\NADILA~1.PUT\AppData\Local\Temp\\Katalon\Appium\Temp1734691934659
[35m[Appium][39m   chromedriverPort: 63479
[35m[Appium][39m Deprecated server args:
[35m[Appium][39m   [31m--chromedriver-port[39m => --default-capabilities
[35m[Appium][39m Default capabilities, which will be added to each request unless overridden by desired capabilities:
[35m[Appium][39m   chromedriverPort: 63479
[35m[Appium][39m Appium REST http interface listener started on 0.0.0.0:63478
[35m[HTTP][39m [37m-->[39m [37mGET[39m [37m/wd/hub/status[39m
[35m[HTTP][39m [90m{}[39m
[35m[HTTP][39m [37m<-- GET /wd/hub/status [39m[32m200[39m [90m7 ms - 68[39m
[35m[HTTP][39m [90m[39m
[35m[HTTP][39m [37m-->[39m [37mGET[39m [37m/wd/hub/status[39m
[35m[HTTP][39m [90m{}[39m
[35m[HTTP][39m [37m<-- GET /wd/hub/status [39m[32m200[39m [90m1 ms - 68[39m
[35m[HTTP][39m [90m[39m
[35m[HTTP][39m [37m-->[39m [37mPOST[39m [37m/wd/hub/session[39m
[35m[HTTP][39m [90m{"desiredCapabilities":{"appPackage":"com.android.settings","deviceId":"R9RT703L5WV","deviceName":"samsung SM-A035F (Android 13)","platform":"ANDROID","appActivity":".Settings","newCommandTimeout":1800,"platformVersion":"13","automationName":"uiautomator2","autoGrantPermissions":true,"platformName":"Android","udid":"R9RT703L5WV","systemPort":8236},"capabilities":{"firstMatch":[{"appium:appActivity":".Settings","appium:appPackage":"com.android.settings","appium:autoGrantPermissions":true,"appium:automationName":"uiautomator2","deviceId":"R9RT703L5WV","appium:deviceName":"samsung SM-A035F (Android 13)","appium:newCommandTimeout":1800,"platform":"ANDROID","platformName":"android","appium:platformVersion":"13","appium:systemPort":8236,"appium:udid":"R9RT703L5WV"}]}}[39m
[35m[BaseDriver][39m The following capabilities are not standard capabilities and should have an extension prefix:
[35m[BaseDriver][39m   deviceId
[35m[BaseDriver][39m   platform
[35m[BaseDriver][39m   chromedriverPort
[35m[Appium][39m Appium v1.22.3 creating new AndroidUiautomator2Driver (v1.70.1) session
[35m[BaseDriver][39m The following capabilities were provided, but are not recognized by Appium:
[35m[BaseDriver][39m   deviceId
[35m[BaseDriver][39m   platform
[35m[BaseDriver][39m Session created with session id: 0e4cce5e-d852-4025-916f-70472754ced0
[35m[UiAutomator2][39m Starting 'com.android.settings' directly on the device
[35m[ADB][39m Found 3 'build-tools' folders under 'C:\Users\nadila.putri\AppData\Local\Android\Sdk' (newest first):
[35m[ADB][39m     C:/Users/nadila.putri/AppData/Local/Android/Sdk/build-tools/35.0.0
[35m[ADB][39m     C:/Users/nadila.putri/AppData/Local/Android/Sdk/build-tools/35.0.0-rc4
[35m[ADB][39m     C:/Users/nadila.putri/AppData/Local/Android/Sdk/build-tools/34.0.0
[35m[ADB][39m Using 'adb.exe' from 'C:\Users\nadila.putri\AppData\Local\Android\Sdk\platform-tools\adb.exe'
[35m[AndroidDriver][39m Retrieving device list
[35m[AndroidDriver][39m Using device: R9RT703L5WV
[35m[ADB][39m Using 'adb.exe' from 'C:\Users\nadila.putri\AppData\Local\Android\Sdk\platform-tools\adb.exe'
[35m[ADB][39m Getting device platform version
[35m[UiAutomator2][39m Relaxing hidden api policy
[35m[AndroidDriver][39m No app sent in, not parsing package/activity
[35m[ADB][39m The application at 'C:\Users\nadila.putri\AppData\Roaming\npm\node_modules\appium\node_modules\io.appium.settings\apks\settings_apk-debug.apk' will not be cached, because the device under test has confirmed the support of streamed installs
[35m[ADB][39m The installation of 'settings_apk-debug.apk' took 1798ms
[35m[ADB][39m Using 'apksigner.jar' from 'C:\Users\nadila.putri\AppData\Local\Android\Sdk\build-tools\35.0.0\lib\apksigner.jar'
[35m[ADB][39m 'C:\Users\nadila.putri\AppData\Roaming\npm\node_modules\appium\node_modules\appium-uiautomator2-server\apks\appium-uiautomator2-server-v4.27.0.apk' is signed with the default certificate
[35m[ADB][39m 'C:\Users\nadila.putri\AppData\Roaming\npm\node_modules\appium\node_modules\appium-uiautomator2-server\apks\appium-uiautomator2-server-debug-androidTest.apk' is signed with the default certificate
[35m[UiAutomator2][39m Server packages are going to be (re)installed
[35m[ADB][39m The application at 'C:\Users\nadila.putri\AppData\Roaming\npm\node_modules\appium\node_modules\appium-uiautomator2-server\apks\appium-uiautomator2-server-v4.27.0.apk' will not be cached, because the device under test has confirmed the support of streamed installs
[35m[ADB][39m The installation of 'appium-uiautomator2-server-v4.27.0.apk' took 1534ms
[35m[ADB][39m The application at 'C:\Users\nadila.putri\AppData\Roaming\npm\node_modules\appium\node_modules\appium-uiautomator2-server\apks\appium-uiautomator2-server-debug-androidTest.apk' will not be cached, because the device under test has confirmed the support of streamed installs
[35m[ADB][39m The installation of 'appium-uiautomator2-server-debug-androidTest.apk' took 1075ms
[35m[ADB][39m Adding packages ["io.appium.settings","io.appium.uiautomator2.server","io.appium.uiautomator2.server.test"] to Doze whitelist
[35m[UiAutomator2][39m Starting UIAutomator2 server 4.27.0
[35m[UiAutomator2][39m Using UIAutomator2 server from 'C:\Users\nadila.putri\AppData\Roaming\npm\node_modules\appium\node_modules\appium-uiautomator2-server\apks\appium-uiautomator2-server-v4.27.0.apk' and test from 'C:\Users\nadila.putri\AppData\Roaming\npm\node_modules\appium\node_modules\appium-uiautomator2-server\apks\appium-uiautomator2-server-debug-androidTest.apk'
[35m[UiAutomator2][39m Waiting up to 30000ms for UiAutomator2 to be online...
[35m[WD Proxy][39m socket hang up
[35m[WD Proxy][39m socket hang up
[35m[WD Proxy][39m socket hang up
[35m[WD Proxy][39m socket hang up
[35m[WD Proxy][39m Determined the downstream protocol as 'W3C'
[35m[AndroidDriver][39m Screen already unlocked, doing nothing
[35m[UiAutomator2][39m Starting 'com.android.settings/.Settings and waiting for 'com.android.settings/.Settings'
[35m[Appium][39m New AndroidUiautomator2Driver session created successfully, session 0e4cce5e-d852-4025-916f-70472754ced0 added to master session list
[35m[HTTP][39m [37m<-- POST /wd/hub/session [39m[32m200[39m [90m25411 ms - 1206[39m
[35m[HTTP][39m [90m[39m
[35m[HTTP][39m [37m-->[39m [37mGET[39m [37m/wd/hub/session/0e4cce5e-d852-4025-916f-70472754ced0[39m
[35m[HTTP][39m [90m{}[39m
[35m[HTTP][39m [37m<-- GET /wd/hub/session/0e4cce5e-d852-4025-916f-70472754ced0 [39m[32m200[39m [90m15 ms - 1160[39m
[35m[HTTP][39m [90m[39m
[35m[HTTP][39m [37m-->[39m [37mGET[39m [37m/wd/hub/session/0e4cce5e-d852-4025-916f-70472754ced0[39m
[35m[HTTP][39m [90m{}[39m
[35m[HTTP][39m [37m<-- GET /wd/hub/session/0e4cce5e-d852-4025-916f-70472754ced0 [39m[32m200[39m [90m15 ms - 1160[39m
[35m[HTTP][39m [90m[39m
[35m[HTTP][39m [37m-->[39m [37mGET[39m [37m/wd/hub/status[39m
[35m[HTTP][39m [90m{}[39m
[35m[HTTP][39m [37m<-- GET /wd/hub/status [39m[32m200[39m [90m1 ms - 68[39m
[35m[HTTP][39m [90m[39m
[35m[HTTP][39m [37m-->[39m [37mPOST[39m [37m/wd/hub/session/0e4cce5e-d852-4025-916f-70472754ced0/timeouts[39m
[35m[HTTP][39m [90m{"implicit":60000}[39m
[35m[HTTP][39m [37m<-- POST /wd/hub/session/0e4cce5e-d852-4025-916f-70472754ced0/timeouts [39m[32m200[39m [90m2 ms - 14[39m
[35m[HTTP][39m [90m[39m
[35m[HTTP][39m [37m-->[39m [37mGET[39m [37m/wd/hub/session/0e4cce5e-d852-4025-916f-70472754ced0/screenshot[39m
[35m[HTTP][39m [90m{}[39m
[35m[HTTP][39m [37m<-- GET /wd/hub/session/0e4cce5e-d852-4025-916f-70472754ced0/screenshot [39m[32m200[39m [90m648 ms - 153238[39m
[35m[HTTP][39m [90m[39m
[35m[HTTP][39m [37m-->[39m [37mGET[39m [37m/wd/hub/session/0e4cce5e-d852-4025-916f-70472754ced0/window/rect[39m
[35m[HTTP][39m [90m{}[39m
[35m[HTTP][39m [37m<-- GET /wd/hub/session/0e4cce5e-d852-4025-916f-70472754ced0/window/rect [39m[32m200[39m [90m19 ms - 49[39m
[35m[HTTP][39m [90m[39m
[35m[HTTP][39m [37m-->[39m [37mGET[39m [37m/wd/hub/session/0e4cce5e-d852-4025-916f-70472754ced0/appium/device/system_bars[39m
[35m[HTTP][39m [90m{}[39m
[35m[HTTP][39m [37m<-- GET /wd/hub/session/0e4cce5e-d852-4025-916f-70472754ced0/appium/device/system_bars [39m[32m200[39m [90m297 ms - 145[39m
[35m[HTTP][39m [90m[39m
[35m[HTTP][39m [37m-->[39m [37mPOST[39m [37m/wd/hub/session/0e4cce5e-d852-4025-916f-70472754ced0/appium/device/activate_app[39m
[35m[HTTP][39m [90m{"bundleId":"com.seatech.bluebird.regress"}[39m
[35m[HTTP][39m [37m<-- POST /wd/hub/session/0e4cce5e-d852-4025-916f-70472754ced0/appium/device/activate_app [39m[32m200[39m [90m800 ms - 14[39m
[35m[HTTP][39m [90m[39m
[35m[HTTP][39m [37m-->[39m [37mGET[39m [37m/wd/hub/session/0e4cce5e-d852-4025-916f-70472754ced0/source[39m
[35m[HTTP][39m [90m{}[39m
[35m[W3C (0e4cce5e)][39m Driver proxy active, passing request on via HTTP proxy
[35m[WD Proxy][39m Replacing sessionId ca58a21a-c506-4d65-8c15-4b8aea8d5936 with 0e4cce5e-d852-4025-916f-70472754ced0
[35m[HTTP][39m [37m<-- GET /wd/hub/session/0e4cce5e-d852-4025-916f-70472754ced0/source [39m[32m200[39m [90m390 ms - 33231[39m
[35m[HTTP][39m [90m[39m
[35m[HTTP][39m [37m-->[39m [37mGET[39m [37m/wd/hub/session/0e4cce5e-d852-4025-916f-70472754ced0/screenshot[39m
[35m[HTTP][39m [90m{}[39m
[35m[HTTP][39m [37m<-- GET /wd/hub/session/0e4cce5e-d852-4025-916f-70472754ced0/screenshot [39m[32m200[39m [90m461 ms - 102468[39m
[35m[HTTP][39m [90m[39m
[35m[HTTP][39m [37m-->[39m [37mDELETE[39m [37m/wd/hub/session/0e4cce5e-d852-4025-916f-70472754ced0[39m
[35m[HTTP][39m [90m{}[39m
[35m[Appium][39m Removing session 0e4cce5e-d852-4025-916f-70472754ced0 from our master session list
[35m[UiAutomator2][39m Restoring hidden api policy to the device default configuration
[35m[HTTP][39m [37m<-- DELETE /wd/hub/session/0e4cce5e-d852-4025-916f-70472754ced0 [39m[32m200[39m [90m1052 ms - 14[39m
[35m[HTTP][39m [90m[39m
